Removed Pin From Net: NetName=VCC Pin=C4-2
Removed Pin From Net: NetName=VCC Pin=C5-2
Removed Pin From Net: NetName=VCC Pin=C7-2
Removed Pin From Net: NetName=VCC Pin=C8-2
Removed Pin From Net: NetName=3V Pin=C19-2
Removed Pin From Net: NetName=VCC Pin=D5-2
Removed Pin From Net: NetName=VCC Pin=R4-2
Removed Pin From Net: NetName=3V Pin=R5-2
Removed Pin From Net: NetName=3V Pin=U7-3
Added Component: Designator=R17(J1-0603)
Add component. Clean all parameters for all variants
Add component (AddParameter): Name = "LatestRevisionDate"; Value = "29-May-2009"; VariantName = "[No Variations]"
Add component (AddParameter): Name = "LatestRevisionNote"; Value = "IPC-7351 Footprint Added."; VariantName = "[No Variations]"
Add component (AddParameter): Name = "PackageDescription"; Value = "Chip Resistor"; VariantName = "[No Variations]"
Add component (AddParameter): Name = "PackageReference"; Value = "J1-0603"; VariantName = "[No Variations]"
Add component (AddParameter): Name = "Published"; Value = "8-Jun-2000"; VariantName = "[No Variations]"
Add component (AddParameter): Name = "Publisher"; Value = "Altium Limited"; VariantName = "[No Variations]"
Add component (AddParameter): Name = "Value"; Value = "0"; VariantName = "[No Variations]"
Added Component: Designator=R18(J1-0603)
Add component. Clean all parameters for all variants
Add component (AddParameter): Name = "LatestRevisionDate"; Value = "29-May-2009"; VariantName = "[No Variations]"
Add component (AddParameter): Name = "LatestRevisionNote"; Value = "IPC-7351 Footprint Added."; VariantName = "[No Variations]"
Add component (AddParameter): Name = "PackageDescription"; Value = "Chip Resistor"; VariantName = "[No Variations]"
Add component (AddParameter): Name = "PackageReference"; Value = "J1-0603"; VariantName = "[No Variations]"
Add component (AddParameter): Name = "Published"; Value = "8-Jun-2000"; VariantName = "[No Variations]"
Add component (AddParameter): Name = "Publisher"; Value = "Altium Limited"; VariantName = "[No Variations]"
Add component (AddParameter): Name = "Value"; Value = "0"; VariantName = "[No Variations]"
Added Pin To Net: NetName=3V Pin=R17-1
Added Pin To Net: NetName=VCC Pin=R18-1
Added Pin To Net: NetName=NetC4_2 Pin=C4-2
Added Pin To Net: NetName=NetC4_2 Pin=C5-2
Added Pin To Net: NetName=NetC4_2 Pin=D5-2
Added Pin To Net: NetName=NetC4_2 Pin=R4-2
Added Pin To Net: NetName=NetC4_2 Pin=R18-2
Added Net: Name=NetC4_2
Added Pin To Net: NetName=NetC19_2 Pin=C19-2
Added Pin To Net: NetName=NetC19_2 Pin=R5-2
Added Pin To Net: NetName=NetC19_2 Pin=R17-2
Added Pin To Net: NetName=NetC19_2 Pin=U7-3
Added Net: Name=NetC19_2
Added Member To Class: ClassName=Dog_Tag Member=Component R17 Res3
Added Member To Class: ClassName=Dog_Tag Member=Component R18 Res3
