Removed Pin From Net: NetName=SCK_3V Pin=U5-2
Removed Pin From Net: NetName=SCK Pin=U5-3
Removed Pin From Net: NetName=MOSI_3V Pin=U5-4
Removed Pin From Net: NetName=MOSI Pin=U5-5
Removed Pin From Net: NetName=Quiet_3V Pin=U5-6
Removed Pin From Net: NetName=VCC Pin=U5-7
Removed Pin From Net: NetName=DC Pin=U5-9
Removed Pin From Net: NetName=DC_3V Pin=U5-10
Removed Pin From Net: NetName=T\F\T\R\S\T\ Pin=U5-11
Removed Pin From Net: NetName=T\F\T\R\S\T\_\3\V\ Pin=U5-12
Removed Pin From Net: NetName=TFTCS Pin=U5-14
Removed Pin From Net: NetName=TFTCS_3V Pin=U5-15
Added Pin To Net: NetName=TFTCS_3V Pin=U5-2
Added Pin To Net: NetName=TFTCS Pin=U5-3
Added Pin To Net: NetName=T\F\T\R\S\T\_\3\V\ Pin=U5-4
Added Pin To Net: NetName=T\F\T\R\S\T\ Pin=U5-5
Added Pin To Net: NetName=DC_3V Pin=U5-6
Added Pin To Net: NetName=DC Pin=U5-7
Added Pin To Net: NetName=SCK Pin=U5-9
Added Pin To Net: NetName=SCK_3V Pin=U5-10
Added Pin To Net: NetName=MOSI Pin=U5-11
Added Pin To Net: NetName=MOSI_3V Pin=U5-12
Added Pin To Net: NetName=VCC Pin=U5-14
Added Pin To Net: NetName=Quiet_3V Pin=U5-15
