Change Component Designator: OldDesignator=DISP1 NewDesignator=DISP?
Added Component: Designator=SD?(3M-2908-05WB-MG_V)
Add component. Clean all parameters for all variants
Add component (AddParameter): Name = "Card Type"; Value = "SecureDigital-microSD™"; VariantName = "[No Variations]"
Add component (AddParameter): Name = "Catalog Drawings"; Value = "2908-05WB-MG"; VariantName = "[No Variations]"
Add component (AddParameter): Name = "Category"; Value = "Connectors,Interconnects"; VariantName = "[No Variations]"
Add component (AddParameter): Name = "Connector Type"; Value = "ConnectorandEjector"; VariantName = "[No Variations]"
Add component (AddParameter): Name = "Contact Finish"; Value = "Gold"; VariantName = "[No Variations]"
Add component (AddParameter): Name = "Contact Finish Thickness"; Value = "15µin(0.38µm)"; VariantName = "[No Variations]"
Add component (AddParameter): Name = "Datasheet URL"; Value = "http://datasheet.octopart.com/2908-05WB-MG-3M-datasheet-6398107.pdf"; VariantName = "[No Variations]"
Add component (AddParameter): Name = "Datasheet Version"; Value = "Oct-06"; VariantName = "[No Variations]"
Add component (AddParameter): Name = "Ejector Side"; Value = "-"; VariantName = "[No Variations]"
Add component (AddParameter): Name = "Family"; Value = "MemoryConnectors-PCCardSockets"; VariantName = "[No Variations]"
Add component (AddParameter): Name = "Featured Product"; Value = "3MCardConnectormicroSD"; VariantName = "[No Variations]"
Add component (AddParameter): Name = "Features"; Value = "Switch"; VariantName = "[No Variations]"
Add component (AddParameter): Name = "Height Above Board"; Value = "0.073"(1.85mm)"; VariantName = "[No Variations]"
Add component (AddParameter): Name = "Insertion, Removal Method"; Value = "PushIn,PushOut"; VariantName = "[No Variations]"
Add component (AddParameter): Name = "Manufacturer"; Value = "3M"; VariantName = "[No Variations]"
Add component (AddParameter): Name = "Manufacturer URL"; Value = "http://www.3m.com/"; VariantName = "[No Variations]"
Add component (AddParameter): Name = "Mounting Feature"; Value = "Normal,Standard-Top"; VariantName = "[No Variations]"
Add component (AddParameter): Name = "Mounting Type"; Value = "SurfaceMount,RightAngle"; VariantName = "[No Variations]"
Add component (AddParameter): Name = "Number of Positions"; Value = "10(8+2)"; VariantName = "[No Variations]"
Add component (AddParameter): Name = "Online Catalog"; Value = "2900Series"; VariantName = "[No Variations]"
Add component (AddParameter): Name = "Other Names"; Value = "3M5607CT"; VariantName = "[No Variations]"
Add component (AddParameter): Name = "Other Related Documents"; Value = "SDCardDateCodeDecipher"; VariantName = "[No Variations]"
Add component (AddParameter): Name = "Package Description"; Value = "8-Pin Surface Mount Device, Body 15.2 x 14 mm, Pitch 1.1 mm"; VariantName = "[No Variations]"
Add component (AddParameter): Name = "Package Reference"; Value = "2908-05WB-MG"; VariantName = "[No Variations]"
Add component (AddParameter): Name = "Packaging"; Value = "CutTape(CT)"; VariantName = "[No Variations]"
Add component (AddParameter): Name = "PCN Obsolescence/ EOL"; Value = "2908Series30/Jun/2010"; VariantName = "[No Variations]"
Add component (AddParameter): Name = "Series"; Value = "2900"; VariantName = "[No Variations]"
Add component (AddParameter): Name = "Standard Package"; Value = "1"; VariantName = "[No Variations]"
Added Member To Class: ClassName=Dog_Tag Member=Component DISP? DISP_LCD_GENERIC_SPI_1.14IN_240X135_WRAPUNDER
Added Member To Class: ClassName=Dog_Tag Member=Component SD? 2908-05WB-MG
